Temp/gradleOut/build/outputs/logs/manifest-merger-debug-report.txt
-- Merging decision tree log ---
manifest
ADDED from src/main/AndroidManifest.xml:2:1-33:12
	package
		ADDED from src/main/AndroidManifest.xml:2:70-108
		INJECTED from src/main/AndroidManifest.xml
		INJECTED from src/main/AndroidManifest.xml
	android:versionName
		ADDED from src/main/AndroidManifest.xml:2:156-181
		INJECTED from src/main/AndroidManifest.xml
		INJECTED from src/main/AndroidManifest.xml
	xmlns:tools
		ADDED from src/main/AndroidManifest.xml:2:109-155
	android:versionCode
		ADDED from src/main/AndroidManifest.xml:2:182-205
		INJECTED from src/main/AndroidManifest.xml
		INJECTED from src/main/AndroidManifest.xml
	xmlns:android
		ADDED from src/main/AndroidManifest.xml:2:11-69
	android:installLocation
		ADDED from src/main/AndroidManifest.xml:2:206-246
application
ADDED from src/main/AndroidManifest.xml:3:3-15:17
MERGED from [:wavevr_client:] AndroidManifest.xml:17:5-20:19
	android:label
		ADDED from src/main/AndroidManifest.xml:3:50-82
	android:resizeableActivity
		ADDED from src/main/AndroidManifest.xml:3:127-161
	android:icon
		ADDED from src/main/AndroidManifest.xml:3:16-49
	android:banner
		ADDED from src/main/AndroidManifest.xml:3:214-251
	android:theme
		ADDED from src/main/AndroidManifest.xml:3:83-126
		REJECTED from [:wavevr_client:] AndroidManifest.xml:18:9-50
	android:isGame
		ADDED from src/main/AndroidManifest.xml:3:192-213
	tools:replace
		ADDED from src/main/AndroidManifest.xml:3:162-191
activity#com.htc.vr.unity.WVRUnityVRActivity
ADDED from src/main/AndroidManifest.xml:5:5-14:16
	android:screenOrientation
		ADDED from src/main/AndroidManifest.xml:5:152-189
	android:enableVrMode
		ADDED from src/main/AndroidManifest.xml:5:99-151
	android:label
		ADDED from src/main/AndroidManifest.xml:5:66-98
	android:launchMode
		ADDED from src/main/AndroidManifest.xml:5:190-221
	android:configChanges
		ADDED from src/main/AndroidManifest.xml:5:222-395
	android:name
		ADDED from src/main/AndroidManifest.xml:5:15-65
intent-filter#android.intent.action.MAIN+android.intent.category.LAUNCHER+android.intent.category.LEANBACK_LAUNCHER+com.htc.intent.category.VRAPP
ADDED from src/main/AndroidManifest.xml:6:7-11:23
action#android.intent.action.MAIN
ADDED from src/main/AndroidManifest.xml:7:9-61
	android:name
		ADDED from src/main/AndroidManifest.xml:7:17-58
category#android.intent.category.LAUNCHER
ADDED from src/main/AndroidManifest.xml:8:9-69
	android:name
		ADDED from src/main/AndroidManifest.xml:8:19-66
category#com.htc.intent.category.VRAPP
ADDED from src/main/AndroidManifest.xml:9:9-66
	android:name
		ADDED from src/main/AndroidManifest.xml:9:19-63
category#android.intent.category.LEANBACK_LAUNCHER
ADDED from src/main/AndroidManifest.xml:10:9-78
	android:name
		ADDED from src/main/AndroidManifest.xml:10:19-75
meta-data#unityplayer.UnityActivity
ADDED from src/main/AndroidManifest.xml:12:7-82
	android:value
		ADDED from src/main/AndroidManifest.xml:12:59-79
	android:name
		ADDED from src/main/AndroidManifest.xml:12:18-58
meta-data#unityplayer.SkipPermissionsDialog
ADDED from src/main/AndroidManifest.xml:13:7-90
	android:value
		ADDED from src/main/AndroidManifest.xml:13:67-87
	android:name
		ADDED from src/main/AndroidManifest.xml:13:18-66
uses-permission#android.permission.INTERNET
ADDED from src/main/AndroidManifest.xml:17:3-65
MERGED from [:wavevr_client:] AndroidManifest.xml:12:5-67
	android:name
		ADDED from src/main/AndroidManifest.xml:17:20-62
uses-permission#android.permission.ACCESS_NETWORK_STATE
ADDED from src/main/AndroidManifest.xml:18:3-77
	android:name
		ADDED from src/main/AndroidManifest.xml:18:20-74
uses-permission#android.permission.BLUETOOTH
ADDED from src/main/AndroidManifest.xml:19:3-66
	android:name
		ADDED from src/main/AndroidManifest.xml:19:20-63
uses-permission#android.permission.BLUETOOTH_ADMIN
ADDED from src/main/AndroidManifest.xml:20:3-72
	android:name
		ADDED from src/main/AndroidManifest.xml:20:20-69
uses-permission#android.permission.ACCESS_COARSE_LOCATION
ADDED from src/main/AndroidManifest.xml:21:3-79
	android:name
		ADDED from src/main/AndroidManifest.xml:21:20-76
uses-permission#com.htc.vr.core.server.VRDataWrite
ADDED from src/main/AndroidManifest.xml:22:3-72
MERGED from [:wavevr_unity_plugin:] AndroidManifest.xml:11:5-74
	android:name
		ADDED from src/main/AndroidManifest.xml:22:20-69
uses-permission#com.htc.vr.core.server.VRDataRead
ADDED from src/main/AndroidManifest.xml:23:3-71
MERGED from [:wavevr_unity_plugin:] AndroidManifest.xml:12:5-73
	android:name
		ADDED from src/main/AndroidManifest.xml:23:20-68
uses-permission#com.htc.vr.core.server.VRDataProvider
ADDED from src/main/AndroidManifest.xml:24:3-75
MERGED from [:wavevr_client:] AndroidManifest.xml:13:5-77
MERGED from [:wavevr_unity_plugin:] AndroidManifest.xml:13:5-77
	android:name
		ADDED from src/main/AndroidManifest.xml:24:20-72
uses-sdk
ADDED from src/main/AndroidManifest.xml:25:3-72
MERGED from [:vr.ime.client:] AndroidManifest.xml:7:5-9:41
MERGED from [:vr.permission.client:] AndroidManifest.xml:7:5-9:41
MERGED from [:wavevr_client:] AndroidManifest.xml:8:5-10:41
MERGED from [:wavevr_pidemo:] AndroidManifest.xml:7:5-9:41
MERGED from [:wavevr_resdemo:] AndroidManifest.xml:7:5-9:41
MERGED from [:wavevr_resindicator:] AndroidManifest.xml:7:5-9:41
MERGED from [:wavevr_unity_plugin:] AndroidManifest.xml:7:5-9:41
	android:targetSdkVersion
		ADDED from src/main/AndroidManifest.xml:25:40-69
		INJECTED from src/main/AndroidManifest.xml
		INJECTED from src/main/AndroidManifest.xml
	android:minSdkVersion
		ADDED from src/main/AndroidManifest.xml:25:13-39
uses-feature#0x00020000
ADDED from src/main/AndroidManifest.xml:26:3-52
	android:glEsVersion
		ADDED from src/main/AndroidManifest.xml:26:17-49
uses-feature#android.hardware.vulkan
ADDED from src/main/AndroidManifest.xml:27:3-83
	android:required
		ADDED from src/main/AndroidManifest.xml:27:56-80
	android:name
		ADDED from src/main/AndroidManifest.xml:27:17-55
uses-permission#android.permission.WRITE_EXTERNAL_STORAGE
ADDED from src/main/AndroidManifest.xml:28:3-106
MERGED from [:wavevr_pidemo:] AndroidManifest.xml:13:5-81
	android:maxSdkVersion
		ADDED from src/main/AndroidManifest.xml:28:77-103
	android:name
		ADDED from src/main/AndroidManifest.xml:28:20-76
uses-permission#android.permission.READ_EXTERNAL_STORAGE
ADDED from src/main/AndroidManifest.xml:29:3-105
MERGED from [:wavevr_pidemo:] AndroidManifest.xml:12:5-80
	android:maxSdkVersion
		ADDED from src/main/AndroidManifest.xml:29:76-102
	android:name
		ADDED from src/main/AndroidManifest.xml:29:20-75
uses-feature#android.hardware.touchscreen
ADDED from src/main/AndroidManifest.xml:30:3-88
	android:required
		ADDED from src/main/AndroidManifest.xml:30:61-85
	android:name
		ADDED from src/main/AndroidManifest.xml:30:17-60
uses-feature#android.hardware.touchscreen.multitouch
ADDED from src/main/AndroidManifest.xml:31:3-99
	android:required
		ADDED from src/main/AndroidManifest.xml:31:72-96
	android:name
		ADDED from src/main/AndroidManifest.xml:31:17-71
uses-feature#android.hardware.touchscreen.multitouch.distinct
ADDED from src/main/AndroidManifest.xml:32:3-108
	android:required
		ADDED from src/main/AndroidManifest.xml:32:81-105
	android:name
		ADDED from src/main/AndroidManifest.xml:32:17-80
uses-feature#android.software.vr.mode
ADDED from [:wavevr_client:] AndroidManifest.xml:15:5-61
	android:name
		ADDED from [:wavevr_client:] AndroidManifest.xml:15:19-58
uses-permission#android.permission.CAMERA
ADDED from [:wavevr_pidemo:] AndroidManifest.xml:11:5-65
	android:name
		ADDED from [:wavevr_pidemo:] AndroidManifest.xml:11:22-62
uses-permission#android.permission.BATTERY_STATS
ADDED from [:wavevr_resdemo:] AndroidManifest.xml:11:5-72
MERGED from [:wavevr_resindicator:] AndroidManifest.xml:11:5-72
	android:name
		ADDED from [:wavevr_resdemo:] AndroidManifest.xml:11:22-69
uses-permission#vive.wave.vr.oem.data.OEMDataRead
ADDED from [:wavevr_unity_plugin:] AndroidManifest.xml:14:5-73
	android:name
		ADDED from [:wavevr_unity_plugin:] AndroidManifest.xml:14:22-70
uses-permission#vive.wave.vr.oem.data.OEMDataWrite
ADDED from [:wavevr_unity_plugin:] AndroidManifest.xml:15:5-74
	android:name
		ADDED from [:wavevr_unity_plugin:] AndroidManifest.xml:15:22-71